<?xml version="1.0" encoding="UTF-8"?>
<testsuite xmlns:xsi="http://www.w3.org/2001/XMLSchema-instance" xsi:noNamespaceSchemaLocation="https://maven.apache.org/surefire/maven-surefire-plugin/xsd/surefire-test-report.xsd" version="3.0.2" name="com.finny.controller.AuthControllerTest" time="0.172" tests="2" errors="0" skipped="0" failures="0">
  <properties>
[...]
</properties>
  <testcase name="testLogin_Success" classname="com.finny.controller.AuthControllerTest" time="0.147">
    <system-out><![CDATA[2026-04-27T21:47:40.723-04:00  INFO 99104 --- [           main] o.s.mock.web.MockServletContext          : Initializing Spring TestDispatcherServlet ''
2026-04-27T21:47:40.723-04:00  INFO 99104 --- [           main] o.s.t.web.servlet.TestDispatcherServlet  : Initializing Servlet ''
2026-04-27T21:47:40.723-04:00  INFO 99104 --- [           main] o.s.t.web.servlet.TestDispatcherServlet  : Completed initialization in 0 ms
]]></system-out>
  </testcase>
  <testcase name="testLogin_InvalidCredentials" classname="com.finny.controller.AuthControllerTest" time="0.022">
    <system-out><![CDATA[2026-04-27T21:47:40.821-04:00  INFO 99104 --- [           main] o.s.mock.web.MockServletContext          : Initializing Spring TestDispatcherServlet ''
2026-04-27T21:47:40.821-04:00  INFO 99104 --- [           main] o.s.t.web.servlet.TestDispatcherServlet  : Initializing Servlet ''
2026-04-27T21:47:40.822-04:00  INFO 99104 --- [           main] o.s.t.web.servlet.TestDispatcherServlet  : Completed initialization in 1 ms
]]></system-out>
  </testcase>
</testsuite>