<?xml version="1.0" encoding="UTF-8"?>
<testsuite xmlns:xsi="http://www.w3.org/2001/XMLSchema-instance" xsi:noNamespaceSchemaLocation="https://maven.apache.org/surefire/maven-surefire-plugin/xsd/surefire-test-report.xsd" version="3.0.2" name="com.finny.controller.TransactionControllerE2ETest" time="2.323" tests="4" errors="0" skipped="0" failures="0">
  <properties>
[...]
</properties>
  <testcase name="testGetTransactions_WithFilters" classname="com.finny.controller.TransactionControllerE2ETest" time="0.542">
    <system-out><![CDATA[2026-05-06T12:31:45.912-04:00  INFO 66661 --- [           main] t.c.s.AnnotationConfigContextLoaderUtils : Could not detect default configuration classes for test class [com.finny.controller.TransactionControllerE2ETest]: TransactionControllerE2ETest does not declare any static, non-private, non-final, nested classes annotated with @Configuration.
2026-05-06T12:31:45.914-04:00  INFO 66661 --- [           main] .b.t.c.SpringBootTestContextBootstrapper : Found @SpringBootConfiguration com.finny.FinnyApplication for test class com.finny.controller.TransactionControllerE2ETest
2026-05-06T12:31:46.200-04:00  INFO 66661 --- [           main] com.zaxxer.hikari.HikariDataSource       : HikariPool-6 - Starting...
2026-05-06T12:31:46.210-04:00  INFO 66661 --- [           main] com.zaxxer.hikari.pool.HikariPool        : HikariPool-6 - Added connection com.mysql.cj.jdbc.ConnectionImpl@ea3a636
2026-05-06T12:31:46.211-04:00  INFO 66661 --- [           main] com.zaxxer.hikari.HikariDataSource       : HikariPool-6 - Start completed.
]]></system-out>
  </testcase>
  <testcase name="testGetTransactions_PaginationAndSorting" classname="com.finny.controller.TransactionControllerE2ETest" time="0.505">
    <system-out><![CDATA[2026-05-06T12:31:46.713-04:00  INFO 66661 --- [           main] com.zaxxer.hikari.HikariDataSource       : HikariPool-7 - Starting...
2026-05-06T12:31:46.729-04:00  INFO 66661 --- [           main] com.zaxxer.hikari.pool.HikariPool        : HikariPool-7 - Added connection com.mysql.cj.jdbc.ConnectionImpl@89741e2
2026-05-06T12:31:46.729-04:00  INFO 66661 --- [           main] com.zaxxer.hikari.HikariDataSource       : HikariPool-7 - Start completed.
]]></system-out>
  </testcase>
  <testcase name="testDeleteTransaction_Success" classname="com.finny.controller.TransactionControllerE2ETest" time="0.458">
    <system-out><![CDATA[2026-05-06T12:31:47.193-04:00  INFO 66661 --- [           main] com.zaxxer.hikari.HikariDataSource       : HikariPool-8 - Starting...
2026-05-06T12:31:47.208-04:00  INFO 66661 --- [           main] com.zaxxer.hikari.pool.HikariPool        : HikariPool-8 - Added connection com.mysql.cj.jdbc.ConnectionImpl@28964cb5
2026-05-06T12:31:47.208-04:00  INFO 66661 --- [           main] com.zaxxer.hikari.HikariDataSource       : HikariPool-8 - Start completed.
]]></system-out>
  </testcase>
  <testcase name="testUpdateTransaction_Success" classname="com.finny.controller.TransactionControllerE2ETest" time="0.791">
    <system-out><![CDATA[2026-05-06T12:31:47.659-04:00  INFO 66661 --- [           main] com.zaxxer.hikari.HikariDataSource       : HikariPool-9 - Starting...
2026-05-06T12:31:47.670-04:00  INFO 66661 --- [           main] com.zaxxer.hikari.pool.HikariPool        : HikariPool-9 - Added connection com.mysql.cj.jdbc.ConnectionImpl@34ef6c16
2026-05-06T12:31:47.670-04:00  INFO 66661 --- [           main] com.zaxxer.hikari.HikariDataSource       : HikariPool-9 - Start completed.
]]></system-out>
  </testcase>
</testsuite>